2023-01-17 08:54:39,186 [main] INFO 30JulyEcommerce - Open commerce URL
2023-01-17 08:54:39,460 [main] INFO 30JulyEcommerce - Enter user mailL
2023-01-17 08:58:38,882 [main] INFO 30JulyEcommerce - Open commerce URL
2023-01-17 08:58:42,186 [main] INFO 30JulyEcommerce - Enter user mailL
2023-01-17 08:59:51,752 [main] INFO 30JulyEcommerce - Open commerce URL
2023-01-17 08:59:55,045 [main] INFO 30JulyEcommerce - Enter user mailL
2023-01-17 08:59:58,168 [main] INFO 30JulyEcommerce - Enter User password
2023-01-17 09:00:01,892 [main] INFO 30JulyEcommerce - Clicked on longin button
2023-01-18 08:03:56,751 [main] INFO 30JulyEcommerce - Open URL
2023-01-18 08:04:00,057 [main] INFO 30JulyEcommerce - Enter user mailL
2023-01-18 08:04:03,186 [main] INFO 30JulyEcommerce - Enter User password
2023-01-18 08:04:08,129 [main] INFO 30JulyEcommerce - Clicked on longin button
2023-01-18 08:04:11,141 [main] INFO 30JulyEcommerce - Login successfully
2023-01-18 08:23:00,313 [main] INFO 30JulyEcommerce - Open URL
2023-01-18 08:23:03,620 [main] INFO 30JulyEcommerce - Enter user mailL
2023-01-18 08:23:06,749 [main] INFO 30JulyEcommerce - Enter User password
2023-01-18 08:23:11,194 [main] INFO 30JulyEcommerce - Clicked on longin button
2023-01-18 08:24:43,506 [main] INFO 30JulyEcommerce - Open URL
2023-01-18 08:24:46,816 [main] INFO 30JulyEcommerce - Enter user mailL
2023-01-18 08:24:49,942 [main] INFO 30JulyEcommerce - Enter User password
2023-01-18 08:24:54,395 [main] INFO 30JulyEcommerce - Clicked on longin button
2023-01-18 08:28:09,942 [main] INFO 30JulyEcommerce - Open URL
2023-01-18 08:28:13,239 [main] INFO 30JulyEcommerce - Enter user mailL
2023-01-18 08:28:16,370 [main] INFO 30JulyEcommerce - Enter User password
2023-01-18 08:28:20,805 [main] INFO 30JulyEcommerce - Clicked on longin button
2023-01-18 08:33:18,789 [main] INFO 30JulyEcommerce - Open URL
2023-01-18 08:33:22,081 [main] INFO 30JulyEcommerce - Enter user mailL
2023-01-18 08:33:25,201 [main] INFO 30JulyEcommerce - Enter User password
2023-01-18 08:33:29,628 [main] INFO 30JulyEcommerce - Clicked on longin button
2023-01-18 08:36:38,032 [main] INFO 30JulyEcommerce - Open URL
2023-01-18 08:36:41,343 [main] INFO 30JulyEcommerce - Enter user mailL
2023-01-18 08:36:44,471 [main] INFO 30JulyEcommerce - Enter User password
2023-01-18 08:36:48,898 [main] INFO 30JulyEcommerce - Clicked on longin button
2023-01-18 08:40:14,572 [main] INFO 30JulyEcommerce - Open URL
2023-01-18 08:40:17,856 [main] INFO 30JulyEcommerce - Enter user mailL
2023-01-18 08:40:20,984 [main] INFO 30JulyEcommerce - Enter User password
2023-01-18 08:40:25,454 [main] INFO 30JulyEcommerce - Clicked on longin button
2023-01-18 08:43:35,992 [main] INFO 30JulyEcommerce - Open URL
2023-01-18 08:43:39,324 [main] INFO 30JulyEcommerce - Enter user mailL
2023-01-18 08:43:42,449 [main] INFO 30JulyEcommerce - Enter User password
2023-01-18 08:43:46,891 [main] INFO 30JulyEcommerce - Clicked on longin button
2023-01-18 09:13:13,975 [main] INFO 30JulyEcommerce - Open URL
2023-01-18 09:13:17,283 [main] INFO 30JulyEcommerce - Enter user mailL
2023-01-18 09:13:20,406 [main] INFO 30JulyEcommerce - Enter User password
2023-01-18 09:13:24,936 [main] INFO 30JulyEcommerce - Clicked on longin button
2023-01-18 09:14:35,031 [main] INFO 30JulyEcommerce - Open URL
2023-01-18 09:14:38,314 [main] INFO 30JulyEcommerce - Enter user mailL
2023-01-18 09:14:41,438 [main] INFO 30JulyEcommerce - Enter User password
2023-01-18 09:14:45,916 [main] INFO 30JulyEcommerce - Clicked on longin button
2023-01-18 09:15:22,838 [main] INFO 30JulyEcommerce - Open URL
2023-01-18 09:15:26,108 [main] INFO 30JulyEcommerce - Enter user mailL
2023-01-18 09:15:29,248 [main] INFO 30JulyEcommerce - Enter User password
2023-01-18 09:15:33,659 [main] INFO 30JulyEcommerce - Clicked on longin button
2023-01-18 19:32:13,070 [main] INFO 30JulyEcommerce - Open URL
2023-01-18 19:32:16,469 [main] INFO 30JulyEcommerce - Enter user mailL
2023-01-18 19:32:19,646 [main] INFO 30JulyEcommerce - Enter User password
2023-01-18 19:32:24,171 [main] INFO 30JulyEcommerce - Clicked on longin button
2023-01-19 08:25:14,645 [main] INFO 30JulyEcommerce - Open URL
2023-01-19 08:25:17,963 [main] INFO 30JulyEcommerce - Enter user mailL
2023-01-19 08:25:21,104 [main] INFO 30JulyEcommerce - Enter User password
2023-01-19 08:25:24,838 [main] INFO 30JulyEcommerce - Clicked on longin button
2023-01-19 08:25:31,779 [main] INFO 30JulyEcommerce - Mouseover on computer
2023-01-19 08:27:22,106 [main] INFO 30JulyEcommerce - Open URL
2023-01-19 08:27:25,408 [main] INFO 30JulyEcommerce - Enter user mailL
2023-01-19 08:27:28,552 [main] INFO 30JulyEcommerce - Enter User password
2023-01-19 08:27:32,775 [main] INFO 30JulyEcommerce - Clicked on longin button
2023-01-19 08:27:35,971 [main] INFO 30JulyEcommerce - Mouseover on computer
2023-01-19 08:27:36,599 [main] INFO 30JulyEcommerce - Clicked on NotebookText
2023-01-19 08:29:49,420 [main] INFO 30JulyEcommerce - Open URL
2023-01-19 08:29:52,718 [main] INFO 30JulyEcommerce - Enter user mailL
2023-01-19 08:29:55,864 [main] INFO 30JulyEcommerce - Enter User password
2023-01-19 08:30:00,761 [main] INFO 30JulyEcommerce - Clicked on longin button
2023-01-19 08:30:03,927 [main] INFO 30JulyEcommerce - Mouseover on computer
2023-01-19 08:30:04,787 [main] INFO 30JulyEcommerce - Clicked on NotebookText
2023-01-19 08:30:06,641 [main] INFO 30JulyEcommerce - Product selected
2023-01-19 08:30:06,722 [main] INFO 30JulyEcommerce - Add to cart
2023-01-19 08:30:07,080 [main] INFO 30JulyEcommerce - Verified message
2023-01-19 08:30:07,143 [main] INFO 30JulyEcommerce - Clciked on close Tab
2023-01-19 09:00:23,233 [main] INFO 30JulyEcommerce - Open URL
2023-01-19 09:00:26,538 [main] INFO 30JulyEcommerce - Enter user mailL
2023-01-19 09:00:29,694 [main] INFO 30JulyEcommerce - Enter User password
2023-01-19 09:00:34,641 [main] INFO 30JulyEcommerce - Clicked on longin button
2023-01-19 09:00:46,074 [main] INFO 30JulyEcommerce - Open URL
2023-01-19 09:00:49,305 [main] INFO 30JulyEcommerce - Enter user mailL
2023-01-19 09:00:52,420 [main] INFO 30JulyEcommerce - Enter User password
2023-01-19 09:00:56,591 [main] INFO 30JulyEcommerce - Clicked on longin button
2023-01-19 09:00:59,764 [main] INFO 30JulyEcommerce - Mouseover on computer
2023-01-19 09:01:00,669 [main] INFO 30JulyEcommerce - Clicked on NotebookText
2023-01-19 09:01:01,865 [main] INFO 30JulyEcommerce - Product selected
2023-01-19 09:01:01,932 [main] INFO 30JulyEcommerce - Add to cart
2023-01-19 09:01:02,750 [main] INFO 30JulyEcommerce - Verified message
2023-01-19 09:01:02,805 [main] INFO 30JulyEcommerce - Clciked on close Tab
2023-01-20 20:51:36,426 [main] INFO 30JulyEcommerce - Open URL
2023-01-20 20:51:40,652 [main] INFO 30JulyEcommerce - Enter user mailL
2023-01-20 20:51:43,827 [main] INFO 30JulyEcommerce - Enter User password
2023-01-20 20:51:47,543 [main] INFO 30JulyEcommerce - Clicked on longin button
2023-01-20 20:51:56,662 [main] INFO 30JulyEcommerce - Open URL
2023-01-20 20:51:59,831 [main] INFO 30JulyEcommerce - Enter user mailL
2023-01-20 20:52:03,006 [main] INFO 30JulyEcommerce - Enter User password
2023-01-20 20:52:06,798 [main] INFO 30JulyEcommerce - Clicked on longin button
2023-01-20 20:59:25,208 [main] INFO 30JulyEcommerce - Open URL
2023-01-20 20:59:28,478 [main] INFO 30JulyEcommerce - Enter user mailL
2023-01-20 20:59:31,650 [main] INFO 30JulyEcommerce - Enter User password
2023-01-20 20:59:35,983 [main] INFO 30JulyEcommerce - Clicked on longin button
2023-01-20 20:59:46,527 [main] INFO 30JulyEcommerce - Open URL
2023-01-20 20:59:49,740 [main] INFO 30JulyEcommerce - Enter user mailL
2023-01-20 20:59:52,917 [main] INFO 30JulyEcommerce - Enter User password
2023-01-20 20:59:57,133 [main] INFO 30JulyEcommerce - Clicked on longin button
2023-01-20 21:00:00,350 [main] INFO 30JulyEcommerce - Mouseover on computer
2023-01-20 21:00:01,648 [main] INFO 30JulyEcommerce - Clicked on NotebookText
2023-01-24 20:31:24,276 [main] INFO 30JulyEcommerce - Open URL
2023-01-24 20:31:31,835 [main] INFO 30JulyEcommerce - Enter user mailL
2023-01-24 20:31:34,980 [main] INFO 30JulyEcommerce - Enter User password
2023-01-24 20:31:38,898 [main] INFO 30JulyEcommerce - Clicked on longin button
2023-01-24 20:31:48,742 [main] INFO 30JulyEcommerce - Open URL
2023-01-24 20:31:51,901 [main] INFO 30JulyEcommerce - Enter user mailL
2023-01-24 20:31:55,038 [main] INFO 30JulyEcommerce - Enter User password
2023-01-24 20:31:58,822 [main] INFO 30JulyEcommerce - Clicked on longin button
2023-01-24 21:47:29,929 [main] INFO 30JulyEcommerce - Open URL
2023-01-24 21:47:33,115 [main] INFO 30JulyEcommerce - Enter user mailL
2023-01-24 21:47:36,218 [main] INFO 30JulyEcommerce - Enter User password
2023-01-24 21:47:40,123 [main] INFO 30JulyEcommerce - Clicked on longin button
2023-01-24 21:47:51,645 [main] INFO 30JulyEcommerce - Open URL
2023-01-24 21:47:54,782 [main] INFO 30JulyEcommerce - Enter user mailL
2023-01-24 21:47:57,891 [main] INFO 30JulyEcommerce - Enter User password
2023-01-24 21:48:01,492 [main] INFO 30JulyEcommerce - Clicked on longin button
