2023-01-17 08:54:39,460 - 30JulyEcommerce -INFO - Enter user mailL
2023-01-17 08:58:38,882 - 30JulyEcommerce -INFO - Open commerce URL
2023-01-17 08:58:42,186 - 30JulyEcommerce -INFO - Enter user mailL
2023-01-17 08:59:51,752 - 30JulyEcommerce -INFO - Open commerce URL
2023-01-17 08:59:55,045 - 30JulyEcommerce -INFO - Enter user mailL
2023-01-17 08:59:58,168 - 30JulyEcommerce -INFO - Enter User password
2023-01-17 09:00:01,892 - 30JulyEcommerce -INFO - Clicked on longin button
2023-01-18 08:03:56,751 - 30JulyEcommerce -INFO - Open URL
2023-01-18 08:04:00,057 - 30JulyEcommerce -INFO - Enter user mailL
2023-01-18 08:04:03,186 - 30JulyEcommerce -INFO - Enter User password
2023-01-18 08:04:08,129 - 30JulyEcommerce -INFO - Clicked on longin button
2023-01-18 08:04:11,141 - 30JulyEcommerce -INFO - Login successfully
2023-01-18 08:23:00,313 - 30JulyEcommerce -INFO - Open URL
2023-01-18 08:23:03,620 - 30JulyEcommerce -INFO - Enter user mailL
2023-01-18 08:23:06,749 - 30JulyEcommerce -INFO - Enter User password
2023-01-18 08:23:11,194 - 30JulyEcommerce -INFO - Clicked on longin button
2023-01-18 08:24:43,506 - 30JulyEcommerce -INFO - Open URL
2023-01-18 08:24:46,816 - 30JulyEcommerce -INFO - Enter user mailL
2023-01-18 08:24:49,942 - 30JulyEcommerce -INFO - Enter User password
2023-01-18 08:24:54,395 - 30JulyEcommerce -INFO - Clicked on longin button
2023-01-18 08:28:09,942 - 30JulyEcommerce -INFO - Open URL
2023-01-18 08:28:13,239 - 30JulyEcommerce -INFO - Enter user mailL
2023-01-18 08:28:16,370 - 30JulyEcommerce -INFO - Enter User password
2023-01-18 08:28:20,805 - 30JulyEcommerce -INFO - Clicked on longin button
2023-01-18 08:33:18,789 - 30JulyEcommerce -INFO - Open URL
2023-01-18 08:33:22,081 - 30JulyEcommerce -INFO - Enter user mailL
2023-01-18 08:33:25,201 - 30JulyEcommerce -INFO - Enter User password
2023-01-18 08:33:29,628 - 30JulyEcommerce -INFO - Clicked on longin button
2023-01-18 08:36:38,032 - 30JulyEcommerce -INFO - Open URL
2023-01-18 08:36:41,343 - 30JulyEcommerce -INFO - Enter user mailL
2023-01-18 08:36:44,471 - 30JulyEcommerce -INFO - Enter User password
2023-01-18 08:36:48,898 - 30JulyEcommerce -INFO - Clicked on longin button
2023-01-18 08:40:14,572 - 30JulyEcommerce -INFO - Open URL
2023-01-18 08:40:17,856 - 30JulyEcommerce -INFO - Enter user mailL
2023-01-18 08:40:20,984 - 30JulyEcommerce -INFO - Enter User password
2023-01-18 08:40:25,454 - 30JulyEcommerce -INFO - Clicked on longin button
2023-01-18 08:43:35,992 - 30JulyEcommerce -INFO - Open URL
2023-01-18 08:43:39,324 - 30JulyEcommerce -INFO - Enter user mailL
2023-01-18 08:43:42,449 - 30JulyEcommerce -INFO - Enter User password
2023-01-18 08:43:46,891 - 30JulyEcommerce -INFO - Clicked on longin button
2023-01-18 09:13:13,975 - 30JulyEcommerce -INFO - Open URL
2023-01-18 09:13:17,283 - 30JulyEcommerce -INFO - Enter user mailL
2023-01-18 09:13:20,406 - 30JulyEcommerce -INFO - Enter User password
2023-01-18 09:13:24,936 - 30JulyEcommerce -INFO - Clicked on longin button
2023-01-18 09:14:35,031 - 30JulyEcommerce -INFO - Open URL
2023-01-18 09:14:38,314 - 30JulyEcommerce -INFO - Enter user mailL
2023-01-18 09:14:41,438 - 30JulyEcommerce -INFO - Enter User password
2023-01-18 09:14:45,916 - 30JulyEcommerce -INFO - Clicked on longin button
2023-01-18 09:15:22,838 - 30JulyEcommerce -INFO - Open URL
2023-01-18 09:15:26,108 - 30JulyEcommerce -INFO - Enter user mailL
2023-01-18 09:15:29,248 - 30JulyEcommerce -INFO - Enter User password
2023-01-18 09:15:33,659 - 30JulyEcommerce -INFO - Clicked on longin button
2023-01-18 19:32:13,070 - 30JulyEcommerce -INFO - Open URL
2023-01-18 19:32:16,469 - 30JulyEcommerce -INFO - Enter user mailL
2023-01-18 19:32:19,646 - 30JulyEcommerce -INFO - Enter User password
2023-01-18 19:32:24,171 - 30JulyEcommerce -INFO - Clicked on longin button
2023-01-19 08:25:14,645 - 30JulyEcommerce -INFO - Open URL
2023-01-19 08:25:17,963 - 30JulyEcommerce -INFO - Enter user mailL
2023-01-19 08:25:21,104 - 30JulyEcommerce -INFO - Enter User password
2023-01-19 08:25:24,838 - 30JulyEcommerce -INFO - Clicked on longin button
2023-01-19 08:25:31,779 - 30JulyEcommerce -INFO - Mouseover on computer
2023-01-19 08:27:22,106 - 30JulyEcommerce -INFO - Open URL
2023-01-19 08:27:25,408 - 30JulyEcommerce -INFO - Enter user mailL
2023-01-19 08:27:28,552 - 30JulyEcommerce -INFO - Enter User password
2023-01-19 08:27:32,775 - 30JulyEcommerce -INFO - Clicked on longin button
2023-01-19 08:27:35,971 - 30JulyEcommerce -INFO - Mouseover on computer
2023-01-19 08:27:36,599 - 30JulyEcommerce -INFO - Clicked on NotebookText
2023-01-19 08:29:49,420 - 30JulyEcommerce -INFO - Open URL
2023-01-19 08:29:52,718 - 30JulyEcommerce -INFO - Enter user mailL
2023-01-19 08:29:55,864 - 30JulyEcommerce -INFO - Enter User password
2023-01-19 08:30:00,761 - 30JulyEcommerce -INFO - Clicked on longin button
2023-01-19 08:30:03,927 - 30JulyEcommerce -INFO - Mouseover on computer
2023-01-19 08:30:04,787 - 30JulyEcommerce -INFO - Clicked on NotebookText
2023-01-19 08:30:06,641 - 30JulyEcommerce -INFO - Product selected
2023-01-19 08:30:06,722 - 30JulyEcommerce -INFO - Add to cart
2023-01-19 08:30:07,080 - 30JulyEcommerce -INFO - Verified message
2023-01-19 08:30:07,143 - 30JulyEcommerce -INFO - Clciked on close Tab
2023-01-19 09:00:23,233 - 30JulyEcommerce -INFO - Open URL
2023-01-19 09:00:26,538 - 30JulyEcommerce -INFO - Enter user mailL
2023-01-19 09:00:29,694 - 30JulyEcommerce -INFO - Enter User password
2023-01-19 09:00:34,641 - 30JulyEcommerce -INFO - Clicked on longin button
2023-01-19 09:00:46,074 - 30JulyEcommerce -INFO - Open URL
2023-01-19 09:00:49,305 - 30JulyEcommerce -INFO - Enter user mailL
2023-01-19 09:00:52,420 - 30JulyEcommerce -INFO - Enter User password
2023-01-19 09:00:56,591 - 30JulyEcommerce -INFO - Clicked on longin button
2023-01-19 09:00:59,764 - 30JulyEcommerce -INFO - Mouseover on computer
2023-01-19 09:01:00,669 - 30JulyEcommerce -INFO - Clicked on NotebookText
2023-01-19 09:01:01,865 - 30JulyEcommerce -INFO - Product selected
2023-01-19 09:01:01,932 - 30JulyEcommerce -INFO - Add to cart
2023-01-19 09:01:02,750 - 30JulyEcommerce -INFO - Verified message
2023-01-19 09:01:02,805 - 30JulyEcommerce -INFO - Clciked on close Tab
2023-01-20 20:51:36,426 - 30JulyEcommerce -INFO - Open URL
2023-01-20 20:51:40,652 - 30JulyEcommerce -INFO - Enter user mailL
2023-01-20 20:51:43,827 - 30JulyEcommerce -INFO - Enter User password
2023-01-20 20:51:47,543 - 30JulyEcommerce -INFO - Clicked on longin button
2023-01-20 20:51:56,662 - 30JulyEcommerce -INFO - Open URL
2023-01-20 20:51:59,831 - 30JulyEcommerce -INFO - Enter user mailL
2023-01-20 20:52:03,006 - 30JulyEcommerce -INFO - Enter User password
2023-01-20 20:52:06,798 - 30JulyEcommerce -INFO - Clicked on longin button
2023-01-20 20:59:25,208 - 30JulyEcommerce -INFO - Open URL
2023-01-20 20:59:28,478 - 30JulyEcommerce -INFO - Enter user mailL
2023-01-20 20:59:31,650 - 30JulyEcommerce -INFO - Enter User password
2023-01-20 20:59:35,983 - 30JulyEcommerce -INFO - Clicked on longin button
2023-01-20 20:59:46,527 - 30JulyEcommerce -INFO - Open URL
2023-01-20 20:59:49,740 - 30JulyEcommerce -INFO - Enter user mailL
2023-01-20 20:59:52,917 - 30JulyEcommerce -INFO - Enter User password
2023-01-20 20:59:57,133 - 30JulyEcommerce -INFO - Clicked on longin button
2023-01-20 21:00:00,350 - 30JulyEcommerce -INFO - Mouseover on computer
2023-01-20 21:00:01,648 - 30JulyEcommerce -INFO - Clicked on NotebookText
2023-01-24 20:31:24,276 - 30JulyEcommerce -INFO - Open URL
2023-01-24 20:31:31,835 - 30JulyEcommerce -INFO - Enter user mailL
2023-01-24 20:31:34,980 - 30JulyEcommerce -INFO - Enter User password
2023-01-24 20:31:38,898 - 30JulyEcommerce -INFO - Clicked on longin button
2023-01-24 20:31:48,742 - 30JulyEcommerce -INFO - Open URL
2023-01-24 20:31:51,901 - 30JulyEcommerce -INFO - Enter user mailL
2023-01-24 20:31:55,038 - 30JulyEcommerce -INFO - Enter User password
2023-01-24 20:31:58,822 - 30JulyEcommerce -INFO - Clicked on longin button
2023-01-24 21:47:29,929 - 30JulyEcommerce -INFO - Open URL
2023-01-24 21:47:33,115 - 30JulyEcommerce -INFO - Enter user mailL
2023-01-24 21:47:36,218 - 30JulyEcommerce -INFO - Enter User password
2023-01-24 21:47:40,123 - 30JulyEcommerce -INFO - Clicked on longin button
2023-01-24 21:47:51,645 - 30JulyEcommerce -INFO - Open URL
2023-01-24 21:47:54,782 - 30JulyEcommerce -INFO - Enter user mailL
2023-01-24 21:47:57,891 - 30JulyEcommerce -INFO - Enter User password
2023-01-24 21:48:01,492 - 30JulyEcommerce -INFO - Clicked on longin button
